<?xml version="1.0" encoding="UTF-8"?>
<testsuite xmlns:xsi="http://www.w3.org/2001/XMLSchema-instance" xsi:noNamespaceSchemaLocation="https://maven.apache.org/surefire/maven-surefire-plugin/xsd/surefire-test-report.xsd" name="DealerTest" time="5.932" tests="21" errors="0" skipped="0" failures="0">
  <properties>
[...]
</properties>
  <testcase name="evaluatePlayerDraw1" classname="DealerTest" time="0.006"/>
  <testcase name="evaluatePlayerDraw2" classname="DealerTest" time="0"/>
  <testcase name="testdeleteDeck" classname="DealerTest" time="0.692"/>
  <testcase name="testDealHand1" classname="DealerTest" time="0.489"/>
  <testcase name="testDealHand2" classname="DealerTest" time="0.465"/>
  <testcase name="testGenerateDeck1" classname="DealerTest" time="0.475"/>
  <testcase name="testGenerateDeck2" classname="DealerTest" time="0.965"/>
  <testcase name="evaluateBankerDraw1" classname="DealerTest" time="0"/>
  <testcase name="evaluateBankerDraw2" classname="DealerTest" time="0"/>
  <testcase name="testDrawOne1" classname="DealerTest" time="0.473"/>
  <testcase name="testDrawOne2" classname="DealerTest" time="0.463"/>
  <testcase name="testHandTotal2" classname="DealerTest" time="0"/>
  <testcase name="testHandTotal" classname="DealerTest" time="0"/>
  <testcase name="testCardConstr1" classname="DealerTest" time="0"/>
  <testcase name="testCardConstr2" classname="DealerTest" time="0"/>
  <testcase name="testWhoWon1" classname="DealerTest" time="0.481"/>
  <testcase name="testWhoWon2" classname="DealerTest" time="0.001"/>
  <testcase name="testDeckSize1" classname="DealerTest" time="0.477"/>
  <testcase name="testDeckSize2" classname="DealerTest" time="0"/>
  <testcase name="testDealerConstr1" classname="DealerTest" time="0.475"/>
  <testcase name="testDealerConstr2" classname="DealerTest" time="0.458"/>
</testsuite>